
**** Build of configuration Debug for project actualHW6 ****

"C:\\ti\\ccsv6\\utils\\bin\\gmake" -k all 
'Building file: actualHW6_semcfg.s62'
'Invoking: C6000 Compiler'
"C:/ti/ccsv6/tools/compiler/c6000_7.4.24/bin/cl6x" -mv6700 --abi=coffabi -g --include_path="C:/ti/ccsv6/tools/compiler/c6000_7.4.24/include" --include_path="D:/Embedded/libraries/dsk6713/include" --include_path="D:/Embedded/libraries/bios/include" --include_path="D:/Embedded/actualHW6/Debug" --include_path="C:/ti/bios_5_42_01_09/packages/ti/bios/include" --include_path="C:/ti/bios_5_42_01_09/packages/ti/rtdx/include/c6000" --define=c6713 --diag_wrap=off --diag_warning=225 --display_error_number --mem_model:data=far --preproc_with_compile --preproc_dependency="actualHW6_semcfg.pp"  "actualHW6_semcfg.s62"
"actualHW6_semcfg.s62", ERROR!   at line 885: [E0003] Invalid constant specification
		SWI_Obj 1, KNL_swi, 0, _function, _pri, _mailbox, _arg0, _arg1, _dorta, _Order, _filter, _maxformat, _sumformat, _avgformat, _filtmaxmult, _filtsummult, _unittype

"actualHW6_semcfg.s62", REMARK   at line 885: [R0001] After symbol substitution the line became:
		SWI_Obj 1, KNL_swi, 0, _KNL_run, 00H, 00H, 00H, 00H, 01H, 00H, 02H, %g inst, %g inst, %.2f inst, _filtmaxmult, _filtsummult, _unittype

"actualHW6_semcfg.s62", ERROR!   at line 918: [E0003] Invalid constant specification
		TSK_Obj 1, TSK_idle, 0, _iFXN, _iARG0, _iARG1, _iARG2, _iARG3, _iARG4, _iARG5, _iARG6, _iARG7, _iAUTOSTK, _iMANSTK, _iSTKSZ, _iSTKSEG, _iPRI, _iENV, _iEXITFLAG, _iUSETSKNAME, _iSTATREG, _Order, _filter, _maxformat, _sumformat, _avgformat, _filtmaxmult, _filtsummult, _unittype

"actualHW6_semcfg.s62", REMARK   at line 918: [R0001] After symbol substitution the line became:
		TSK_Obj 1, TSK_idle, 0, IDL_F_loop, 00H, 00H, 00H, 00H, 00H, 00H, 00H, 00H, 01H, null, 0400H, IRAM, 00H, 00H, 01H, 00H, 00H, 00H, 02H, %g inst, %g inst, %.2f inst, _filtmaxmult, _filtsummult, _unittype

"actualHW6_semcfg.s62", ERROR!   at line 975: [E0003] Invalid constant specification
		STS_Obj 1, IDL_busyObj, 0, _prev, _filter, _maxformat, _sumformat, _avgformat, _op, _uType, _iA, _iB, _iC, _prevlow

"actualHW6_semcfg.s62", REMARK   at line 975: [R0001] After symbol substitution the line became:
		STS_Obj 1, IDL_busyObj, 0, 00H, 01H, %g, %g, %.2f, _op, _uType, _iA, _iB, _iC, _prevlow


3 Assembly Errors, No Assembly Warnings
Errors in Source - Assembler Aborted

>> Compilation failure
gmake: *** [actualHW6_semcfg.obj] Error 1
gmake: Target `all' not remade because of errors.

**** Build Finished ****
